<?xml version="1.0" encoding="UTF-8"?>
<!-- Generated by org.testng.reporters.JUnitReportReporter -->
<testsuite skipped="0" hostname="swaraj" name="com.crm.qa.testcases.LoginPageTest" tests="3" failures="0" timestamp="02 Feb 2019 14:15:19 GMT" time="36.785" errors="0">
  <testcase name="loginPageTitleTest" time="8.836" classname="com.crm.qa.testcases.LoginPageTest"/>
  <testcase name="CRMLogoImageTest" time="9.699" classname="com.crm.qa.testcases.LoginPageTest"/>
  <testcase name="loginTest" time="18.250" classname="com.crm.qa.testcases.LoginPageTest"/>
</testsuite> <!-- com.crm.qa.testcases.LoginPageTest -->
