<?xml version="1.0" encoding="UTF-8"?>
<!-- Generated by org.testng.reporters.JUnitReportReporter -->
<testsuite skipped="0" hostname="swaraj" name="com.crm.qa.testcases.LoginPageTest" tests="3" failures="0" timestamp="04 Feb 2019 10:00:08 GMT" time="35.969" errors="0">
  <testcase name="loginPageTitleTest" time="8.917" classname="com.crm.qa.testcases.LoginPageTest"/>
  <testcase name="CRMLogoImageTest" time="9.753" classname="com.crm.qa.testcases.LoginPageTest"/>
  <testcase name="loginTest" time="17.299" classname="com.crm.qa.testcases.LoginPageTest"/>
</testsuite> <!-- com.crm.qa.testcases.LoginPageTest -->
